\BOOKMARK [0][-]{chapter.1}{Introduction}{}% 1
\BOOKMARK [1][-]{section.1.1}{Mission}{chapter.1}% 2
\BOOKMARK [1][-]{section.1.2}{Approche}{chapter.1}% 3
\BOOKMARK [0][-]{chapter.2}{Int\351gration Continue}{}% 4
\BOOKMARK [1][-]{section.2.1}{Aper\347u}{chapter.2}% 5
\BOOKMARK [1][-]{section.2.2}{Concepts}{chapter.2}% 6
\BOOKMARK [2][-]{subsection.2.2.1}{Construction continue}{section.2.2}% 7
\BOOKMARK [2][-]{subsection.2.2.2}{Int\351gration continue de base de donn\351e}{section.2.2}% 8
\BOOKMARK [2][-]{subsection.2.2.3}{Test continue}{section.2.2}% 9
\BOOKMARK [2][-]{subsection.2.2.4}{Inspection continue}{section.2.2}% 10
\BOOKMARK [2][-]{subsection.2.2.5}{D\351ploiment continue}{section.2.2}% 11
\BOOKMARK [2][-]{subsection.2.2.6}{Information en retour continue}{section.2.2}% 12
\BOOKMARK [1][-]{section.2.3}{Motivation}{chapter.2}% 13
\BOOKMARK [2][-]{subsection.2.3.1}{\311viter des risques}{section.2.3}% 14
\BOOKMARK [1][-]{section.2.4}{Meuilleures pratiques}{chapter.2}% 15
\BOOKMARK [0][-]{chapter.3}{\311valuation}{}% 16
\BOOKMARK [1][-]{section.3.1}{Outils necessaire pour CI}{chapter.3}% 17
\BOOKMARK [1][-]{section.3.2}{Logiciels de construction}{chapter.3}% 18
\BOOKMARK [2][-]{subsection.3.2.1}{Ant}{section.3.2}% 19
\BOOKMARK [2][-]{subsection.3.2.2}{Maven}{section.3.2}% 20
\BOOKMARK [1][-]{section.3.3}{Serveur de l'int\351gration continue}{chapter.3}% 21
\BOOKMARK [2][-]{subsection.3.3.1}{Jenkins}{section.3.3}% 22
\BOOKMARK [2][-]{subsection.3.3.2}{TeamCity}{section.3.3}% 23
\BOOKMARK [2][-]{subsection.3.3.3}{Bamboo}{section.3.3}% 24
\BOOKMARK [2][-]{subsection.3.3.4}{Hudson}{section.3.3}% 25
\BOOKMARK [1][-]{section.3.4}{Autre outils}{chapter.3}% 26
\BOOKMARK [0][-]{chapter.4}{Conclusion}{}% 27
\BOOKMARK [1][-]{section.4.1}{Bilan}{chapter.4}% 28
\BOOKMARK [0][-]{section*.9}{Bibliographie}{}% 29
\BOOKMARK [0][-]{section*.11}{Table des figures}{}% 30
