\BOOKMARK [0][-]{chapter.1}{Einleitung}{}% 1
\BOOKMARK [1][-]{section.1.1}{Auftrag}{chapter.1}% 2
\BOOKMARK [1][-]{section.1.2}{Vorgehen}{chapter.1}% 3
\BOOKMARK [0][-]{chapter.2}{Aspektorientierte Programmierung}{}% 4
\BOOKMARK [1][-]{section.2.1}{Geschichte}{chapter.2}% 5
\BOOKMARK [1][-]{section.2.2}{Motivation}{chapter.2}% 6
\BOOKMARK [2][-]{subsection.2.2.1}{Objektoriente Programmierung}{section.2.2}% 7
\BOOKMARK [2][-]{subsection.2.2.2}{Modularisierung mit AOP}{section.2.2}% 8
\BOOKMARK [1][-]{section.2.3}{Aspektorientierte Sprache}{chapter.2}% 9
\BOOKMARK [2][-]{subsection.2.3.1}{Spezifizierung}{section.2.3}% 10
\BOOKMARK [2][-]{subsection.2.3.2}{Implementation}{section.2.3}% 11
\BOOKMARK [1][-]{section.2.4}{Konzepte}{chapter.2}% 12
\BOOKMARK [1][-]{section.2.5}{Programmiersprachen}{chapter.2}% 13
\BOOKMARK [2][-]{subsection.2.5.1}{Java}{section.2.5}% 14
\BOOKMARK [2][-]{subsection.2.5.2}{C, C++}{section.2.5}% 15
\BOOKMARK [2][-]{subsection.2.5.3}{.NET Framework}{section.2.5}% 16
\BOOKMARK [0][-]{chapter.3}{AspectJ}{}% 17
\BOOKMARK [1][-]{section.3.1}{Bestandteile von AspectJ}{chapter.3}% 18
\BOOKMARK [2][-]{subsection.3.1.1}{Common crosscutting}{section.3.1}% 19
\BOOKMARK [2][-]{subsection.3.1.2}{Dynamic crosscutting}{section.3.1}% 20
\BOOKMARK [2][-]{subsection.3.1.3}{Static crosscutting}{section.3.1}% 21
\BOOKMARK [1][-]{section.3.2}{Syntaxvarianten}{chapter.3}% 22
\BOOKMARK [1][-]{section.3.3}{Join-Point Model}{chapter.3}% 23
\BOOKMARK [1][-]{section.3.4}{Weaving}{chapter.3}% 24
\BOOKMARK [2][-]{subsection.3.4.1}{Source weaving}{section.3.4}% 25
\BOOKMARK [2][-]{subsection.3.4.2}{Binary weaving}{section.3.4}% 26
\BOOKMARK [2][-]{subsection.3.4.3}{Load-time weaving}{section.3.4}% 27
\BOOKMARK [1][-]{section.3.5}{Entwicklungstools}{chapter.3}% 28
\BOOKMARK [0][-]{chapter.4}{Schlussfolgerungen}{}% 29
\BOOKMARK [1][-]{section.4.1}{Nutzen von AspectJ}{chapter.4}% 30
\BOOKMARK [1][-]{section.4.2}{Nachteile von AspectJ}{chapter.4}% 31
\BOOKMARK [1][-]{section.4.3}{Alternativen}{chapter.4}% 32
\BOOKMARK [1][-]{section.4.4}{Fazit}{chapter.4}% 33
\BOOKMARK [0][-]{section*.12}{Selbst\344ndigkeitserkl\344rung}{}% 34
\BOOKMARK [0][-]{section*.14}{Literaturverzeichnis}{}% 35
\BOOKMARK [0][-]{section*.16}{Abbildungsverzeichnis}{}% 36
\BOOKMARK [0][-]{section*.18}{Tabellenverzeichnis}{}% 37
\BOOKMARK [0][-]{appendix.A}{Demoprogramm}{}% 38
\BOOKMARK [1][-]{section.A.1}{Programmbeschreibung}{appendix.A}% 39
\BOOKMARK [1][-]{section.A.2}{Source Code}{appendix.A}% 40
